-------------------------------------------------------------------------------
Test set: runner.TestRunner
-------------------------------------------------------------------------------
Tests run: 3, Failures: 1, Errors: 0, Skipped: 0, Time elapsed: 37.029 sec <<< FAILURE!
UnSuccessful Login(Login Functionality #1)  Time elapsed: 12.959 sec  <<< FAILURE!
org.junit.ComparisonFailure: expected:<actiTIME - [Enter Time-Track]> but was:<actiTIME - [Login]>
	at org.junit.Assert.assertEquals(Assert.java:117)
	at org.junit.Assert.assertEquals(Assert.java:146)
	at stepdefinition.ActitimeSteps.user_will_be_landed_in_dashboard_page(ActitimeSteps.java:61)
	at ?.user will be landed in dashboard page(file:///D:/SynechronBDD_15_03_2021/Eclipse_WS/actitime/src/test/java/feature/login.feature:15)

