<?xml version="1.0" encoding="UTF-8" standalone="no"?>
<testsuite errors="0" failures="0" name="io.cucumber.core.plugin.JUnitFormatter" skipped="0" tests="3" time="44.193">
<testcase classname="Printing Google Search results" name="User Search and print the company realated search" time="17.077">
<system-out><![CDATA[Given user is on google page................................................passed
When data table user search company name and print the search results.......passed
And user close the browser..................................................passed
]]></system-out>
</testcase>
<testcase classname="Printing Google Search results" name="User Search and print the company realated search using map" time="13.107">
<system-out><![CDATA[Given user is on google page................................................passed
When map data table user search company name and print the search results...passed
And user close the browser..................................................passed
]]></system-out>
</testcase>
<testcase classname="Printing Google Search results" name="User Search and print the company realated search using lists" time="13.836">
<system-out><![CDATA[Given user is on google page................................................passed
When lists data table user search company name and print the search results.passed
And user close the browser..................................................passed
]]></system-out>
</testcase>
</testsuite>
