<?xml version="1.0" encoding="UTF-8" standalone="no"?>
<testsuite errors="0" failures="1" name="io.cucumber.core.plugin.JUnitFormatter" skipped="0" tests="3" time="35.787">
<testcase classname="Login Functionality" name="UnSuccessful Login" time="12.825">
<failure message="expected:&lt;actiTIME - [Enter Time-Track]&gt; but was:&lt;actiTIME - [Login]&gt;" type="org.junit.ComparisonFailure"><![CDATA[Given user is on login page.................................................passed
When loginuser enter invalid username and password..........................passed
And click on login Button...................................................passed
Then user will be landed in dashboard page..................................failed

StackTrace:
org.junit.ComparisonFailure: expected:<actiTIME - [Enter Time-Track]> but was:<actiTIME - [Login]>
	at org.junit.Assert.assertEquals(Assert.java:117)
	at org.junit.Assert.assertEquals(Assert.java:146)
	at stepdefinition.ActitimeSteps.user_will_be_landed_in_dashboard_page(ActitimeSteps.java:61)
	at ✽.user will be landed in dashboard page(file:///D:/SynechronBDD_15_03_2021/Eclipse_WS/actitime/src/test/java/feature/login.feature:15)
]]></failure>
</testcase>
<testcase classname="Login Functionality" name="Successful Login1" time="12.356">
<system-out><![CDATA[Given pomuser is on login page..............................................passed
When pomuser enter valid username and password..............................passed
And pomuser click on login Button...........................................passed
Then pomuser will be landed in dashboard page...............................passed
And pomuser will logout and close browser...................................passed
]]></system-out>
</testcase>
<testcase classname="Login Functionality" name="Successful Login2" time="10.394">
<system-out><![CDATA[Given pomuser is on login page..............................................passed
When pomuser enter valid username and password..............................passed
And pomuser click on login Button...........................................passed
Then pomuser will be landed in dashboard page...............................passed
And pomuser will logout and close browser...................................passed
]]></system-out>
</testcase>
</testsuite>
