<?xml version="1.0" encoding="UTF-8" standalone="no"?>
<testsuite errors="0" failures="0" name="io.cucumber.core.plugin.JUnitFormatter" skipped="0" tests="4" time="46.54">
<testcase classname="Printing Google Search results" name="User Search for Synechron" time="13.542">
<system-out><![CDATA[Given user is on google page................................................passed
When user enter synechron...................................................passed
And click on search button..................................................passed
Then user prints the search results for 5 pages.............................passed
]]></system-out>
</testcase>
<testcase classname="Printing Google Search results" name="User Search for IBM" time="12.603">
<system-out><![CDATA[Given user is on google page................................................passed
When user enter "IBM".......................................................passed
And click on search button..................................................passed
Then user prints the search results for 2 pages.............................passed
]]></system-out>
</testcase>
<testcase classname="Printing Google Search results" name="User Search for Wipro" time="9.525">
<system-out><![CDATA[Given user is on google page................................................passed
When user enter "Wipro".....................................................passed
And click on search button..................................................passed
Then user prints the search results for 1 page..............................passed
]]></system-out>
</testcase>
<testcase classname="Printing Google Search results" name="User Search for Number" time="10.691">
<system-out><![CDATA[Given user is on google page................................................passed
When user enter 12334.......................................................passed
And click on search button..................................................passed
Then user prints the search results for 1 page..............................passed
]]></system-out>
</testcase>
</testsuite>
