<?xml version="1.0" encoding="UTF-8" standalone="no"?>
<testsuite errors="0" failures="1" name="io.cucumber.core.plugin.JUnitFormatter" skipped="0" tests="1" time="0.313">
<testcase classname="Login Functionality" name="Successful Login" time="0.073">
<failure message="" type="java.lang.NullPointerException"><![CDATA[Given pomuser is on login page..............................................undefined
When pomuser enter valid username and password..............................skipped
And pomuser click on login Button...........................................skipped
Then pomuser will be landed in dashboard page...............................skipped

StackTrace:
java.lang.NullPointerException
	at stepdefinition.ActitimeSteps.teardown(ActitimeSteps.java:235)
]]></failure>
</testcase>
</testsuite>
