<?xml version="1.0" encoding="UTF-8" standalone="no"?>
<testsuite errors="0" failures="1" name="io.cucumber.core.plugin.JUnitFormatter" skipped="0" tests="2" time="27.764">
<testcase classname="Printing Google Search results" name="User Search and print the company realated search" time="14.511">
<system-out><![CDATA[Given hookuser is on google page............................................passed
When data table user search company name and print the search results.......passed
]]></system-out>
</testcase>
<testcase classname="Printing Google Search results" name="User Search and print the company realated search 2" time="12.988">
<failure message="" type="junit.framework.AssertionFailedError"><![CDATA[Given hookuser is on google page............................................passed
When guser enter IBMMMM.....................................................passed
And click on search button..................................................passed
Then user prints the search results for 5 pages.............................failed

StackTrace:
junit.framework.AssertionFailedError
	at junit.framework.Assert.fail(Assert.java:55)
	at junit.framework.Assert.assertTrue(Assert.java:22)
	at junit.framework.Assert.assertFalse(Assert.java:39)
	at junit.framework.Assert.assertFalse(Assert.java:47)
	at stepdefinition.GoogleSearch.user_prints_the_search_results(GoogleSearch.java:74)
	at ✽.user prints the search results for 5 pages(file:///D:/SynechronBDD_15_03_2021/Eclipse_WS/actitime/src/test/java/feature/googleSearchUsingHooks.feature:16)
]]></failure>
</testcase>
</testsuite>
