<?xml version="1.0" encoding="UTF-8"?><testrun name="TestRunner" project="actitime" tests="2" started="2" failures="0" errors="1" ignored="0">
  <testsuite name="runner.TestRunner" time="31.755">
    <testsuite name="Customer Creation" time="31.755">
      <testcase name="Create new customer" classname="Customer Creation" time="19.349"/>
      <testcase name="Re-Create existing customer" classname="Customer Creation" time="12.406">
        <error>io.cucumber.junit.UndefinedStepException: The step 'application throws error message' and 1 other step(s) are undefined.
You can implement these steps using the snippet(s) below:

@Then("application throws error message")
public void application_throws_error_message() {
    // Write code here that turns the phrase above into concrete actions
    throw new io.cucumber.java.PendingException();
}
@Then("user validate the error message and click on cancel")
public void user_validate_the_error_message_and_click_on_cancel() {
    // Write code here that turns the phrase above into concrete actions
    throw new io.cucumber.java.PendingException();
}
&#13;
&#13;
</error>
      </testcase>
    </testsuite>
  </testsuite>
</testrun>
