<?xml version="1.0" encoding="UTF-8"?><testrun name="TestRunner" project="actitime" tests="4" started="4" failures="0" errors="1" ignored="0">
  <testsuite name="runner.TestRunner" time="0.325">
    <testsuite name="Printing Google Search results" time="0.325">
      <testcase name="User Search for Synechron" classname="Printing Google Search results" time="0.136"/>
      <testcase name="User Search for IBM" classname="Printing Google Search results" time="0.055">
        <error>io.cucumber.junit.UndefinedStepException: The step 'user prints the google results for 2 pages' is undefined.
You can implement this step using the snippet(s) below:

@Then("user prints the google results for {int} pages")
public void user_prints_the_google_results_for_pages(Integer int1) {
    // Write code here that turns the phrase above into concrete actions
    throw new io.cucumber.java.PendingException();
}
&#13;
&#13;
</error>
      </testcase>
      <testcase name="User Search for Wipro" classname="Printing Google Search results" time="0.006"/>
      <testcase name="User Search for Number" classname="Printing Google Search results" time="0.127"/>
    </testsuite>
  </testsuite>
</testrun>
