<?xml version="1.0" encoding="UTF-8"?><testrun name="TestRunner" project="actitime" tests="5" started="5" failures="1" errors="3" ignored="0">
  <testsuite name="runner.TestRunner" time="55.631">
    <testsuite name="Customer Creation" time="41.866">
      <testcase name="Create new customer" classname="Customer Creation" time="27.953"/>
      <testcase name="Re-Create existing customer" classname="Customer Creation" time="13.913">
        <failure>
          <expected/>
          <actual>Customer with the specified name already exists</actual>org.junit.ComparisonFailure: expected:&lt;[]&gt; but was:&lt;[Customer with the specified name already exists]&gt;&#13;
	at org.junit.Assert.assertEquals(Assert.java:117)&#13;
	at org.junit.Assert.assertEquals(Assert.java:146)&#13;
	at stepdefinition.ActitimeSteps.application_throws_error_message(ActitimeSteps.java:135)&#13;
	at âœ½.application throws error message(file:///D:/SynechronBDD_15_03_2021/Eclipse_WS/actitime/src/test/java/feature/createcustomer.feature:20)&#13;
&#13;
</failure>
      </testcase>
    </testsuite>
    <testsuite name="Login Functionality #1" time="4.754">
      <testcase name="Successful Login" classname="Login Functionality #1" time="4.754">
        <error>io.cucumber.core.runner.AmbiguousStepDefinitionsException: "user enter valid username and password" matches more than one step definition:
  "user enter valid {} and {}" in stepdefinition.ActitimeSteps.user_enter_valid_username_and_password(java.lang.String,java.lang.String)
  "user enter {} and {}" in stepdefinition.ActitimeSteps.user_enter_customername_and_customerdesc(java.lang.String,java.lang.String)&#13;
	at io.cucumber.core.runner.CachingGlue.findStepDefinitionMatch(CachingGlue.java:373)&#13;
	at io.cucumber.core.runner.CachingGlue.stepDefinitionMatch(CachingGlue.java:341)&#13;
	at io.cucumber.core.runner.Runner.matchStepToStepDefinition(Runner.java:148)&#13;
	at io.cucumber.core.runner.Runner.createTestStepsForPickleSteps(Runner.java:128)&#13;
	at io.cucumber.core.runner.Runner.createTestCaseForPickle(Runner.java:111)&#13;
	at io.cucumber.core.runner.Runner.runPickle(Runner.java:72)&#13;
	at io.cucumber.junit.PickleRunners$NoStepDescriptions.run(PickleRunners.java:151)&#13;
	at io.cucumber.junit.FeatureRunner.runChild(FeatureRunner.java:135)&#13;
	at io.cucumber.junit.FeatureRunner.runChild(FeatureRunner.java:27)&#13;
	at org.junit.runners.ParentRunner$4.run(ParentRunner.java:331)&#13;
	at org.junit.runners.ParentRunner$1.schedule(ParentRunner.java:79)&#13;
	at org.junit.runners.ParentRunner.runChildren(ParentRunner.java:329)&#13;
	at org.junit.runners.ParentRunner.access$100(ParentRunner.java:66)&#13;
	at org.junit.runners.ParentRunner$2.evaluate(ParentRunner.java:293)&#13;
	at org.junit.runners.ParentRunner$3.evaluate(ParentRunner.java:306)&#13;
	at org.junit.runners.ParentRunner.run(ParentRunner.java:413)&#13;
	at io.cucumber.junit.Cucumber.runChild(Cucumber.java:200)&#13;
	at io.cucumber.junit.Cucumber.runChild(Cucumber.java:90)&#13;
	at org.junit.runners.ParentRunner$4.run(ParentRunner.java:331)&#13;
	at org.junit.runners.ParentRunner$1.schedule(ParentRunner.java:79)&#13;
	at org.junit.runners.ParentRunner.runChildren(ParentRunner.java:329)&#13;
	at org.junit.runners.ParentRunner.access$100(ParentRunner.java:66)&#13;
	at org.junit.runners.ParentRunner$2.evaluate(ParentRunner.java:293)&#13;
	at io.cucumber.junit.Cucumber$RunCucumber.evaluate(Cucumber.java:235)&#13;
	at org.junit.runners.ParentRunner$3.evaluate(ParentRunner.java:306)&#13;
	at org.junit.runners.ParentRunner.run(ParentRunner.java:413)&#13;
	at org.eclipse.jdt.internal.junit4.runner.JUnit4TestReference.run(JUnit4TestReference.java:89)&#13;
	at org.eclipse.jdt.internal.junit.runner.TestExecution.run(TestExecution.java:41)&#13;
	at org.eclipse.jdt.internal.junit.runner.RemoteTestRunner.runTests(RemoteTestRunner.java:541)&#13;
	at org.eclipse.jdt.internal.junit.runner.RemoteTestRunner.runTests(RemoteTestRunner.java:763)&#13;
	at org.eclipse.jdt.internal.junit.runner.RemoteTestRunner.run(RemoteTestRunner.java:463)&#13;
	at org.eclipse.jdt.internal.junit.runner.RemoteTestRunner.main(RemoteTestRunner.java:209)&#13;
&#13;
</error>
      </testcase>
    </testsuite>
    <testsuite name="Login Functionality #2" time="9.009">
      <testcase name="Successful Login #1" classname="Login Functionality #2" time="4.179">
        <error>io.cucumber.core.runner.AmbiguousStepDefinitionsException: "user enter valid admin and manager" matches more than one step definition:
  "user enter valid {} and {}" in stepdefinition.ActitimeSteps.user_enter_valid_username_and_password(java.lang.String,java.lang.String)
  "user enter {} and {}" in stepdefinition.ActitimeSteps.user_enter_customername_and_customerdesc(java.lang.String,java.lang.String)&#13;
	at io.cucumber.core.runner.CachingGlue.findStepDefinitionMatch(CachingGlue.java:373)&#13;
	at io.cucumber.core.runner.CachingGlue.stepDefinitionMatch(CachingGlue.java:341)&#13;
	at io.cucumber.core.runner.Runner.matchStepToStepDefinition(Runner.java:148)&#13;
	at io.cucumber.core.runner.Runner.createTestStepsForPickleSteps(Runner.java:128)&#13;
	at io.cucumber.core.runner.Runner.createTestCaseForPickle(Runner.java:111)&#13;
	at io.cucumber.core.runner.Runner.runPickle(Runner.java:72)&#13;
	at io.cucumber.junit.PickleRunners$NoStepDescriptions.run(PickleRunners.java:151)&#13;
	at io.cucumber.junit.FeatureRunner.runChild(FeatureRunner.java:135)&#13;
	at io.cucumber.junit.FeatureRunner.runChild(FeatureRunner.java:27)&#13;
	at org.junit.runners.ParentRunner$4.run(ParentRunner.java:331)&#13;
	at org.junit.runners.ParentRunner$1.schedule(ParentRunner.java:79)&#13;
	at org.junit.runners.ParentRunner.runChildren(ParentRunner.java:329)&#13;
	at org.junit.runners.ParentRunner.access$100(ParentRunner.java:66)&#13;
	at org.junit.runners.ParentRunner$2.evaluate(ParentRunner.java:293)&#13;
	at org.junit.runners.ParentRunner$3.evaluate(ParentRunner.java:306)&#13;
	at org.junit.runners.ParentRunner.run(ParentRunner.java:413)&#13;
	at io.cucumber.junit.Cucumber.runChild(Cucumber.java:200)&#13;
	at io.cucumber.junit.Cucumber.runChild(Cucumber.java:90)&#13;
	at org.junit.runners.ParentRunner$4.run(ParentRunner.java:331)&#13;
	at org.junit.runners.ParentRunner$1.schedule(ParentRunner.java:79)&#13;
	at org.junit.runners.ParentRunner.runChildren(ParentRunner.java:329)&#13;
	at org.junit.runners.ParentRunner.access$100(ParentRunner.java:66)&#13;
	at org.junit.runners.ParentRunner$2.evaluate(ParentRunner.java:293)&#13;
	at io.cucumber.junit.Cucumber$RunCucumber.evaluate(Cucumber.java:235)&#13;
	at org.junit.runners.ParentRunner$3.evaluate(ParentRunner.java:306)&#13;
	at org.junit.runners.ParentRunner.run(ParentRunner.java:413)&#13;
	at org.eclipse.jdt.internal.junit4.runner.JUnit4TestReference.run(JUnit4TestReference.java:89)&#13;
	at org.eclipse.jdt.internal.junit.runner.TestExecution.run(TestExecution.java:41)&#13;
	at org.eclipse.jdt.internal.junit.runner.RemoteTestRunner.runTests(RemoteTestRunner.java:541)&#13;
	at org.eclipse.jdt.internal.junit.runner.RemoteTestRunner.runTests(RemoteTestRunner.java:763)&#13;
	at org.eclipse.jdt.internal.junit.runner.RemoteTestRunner.run(RemoteTestRunner.java:463)&#13;
	at org.eclipse.jdt.internal.junit.runner.RemoteTestRunner.main(RemoteTestRunner.java:209)&#13;
&#13;
</error>
      </testcase>
      <testcase name="Successful Login #2" classname="Login Functionality #2" time="4.829">
        <error>io.cucumber.core.runner.AmbiguousStepDefinitionsException: "user enter valid admin and manager" matches more than one step definition:
  "user enter valid {} and {}" in stepdefinition.ActitimeSteps.user_enter_valid_username_and_password(java.lang.String,java.lang.String)
  "user enter {} and {}" in stepdefinition.ActitimeSteps.user_enter_customername_and_customerdesc(java.lang.String,java.lang.String)&#13;
	at io.cucumber.core.runner.CachingGlue.findStepDefinitionMatch(CachingGlue.java:373)&#13;
	at io.cucumber.core.runner.CachingGlue.stepDefinitionMatch(CachingGlue.java:341)&#13;
	at io.cucumber.core.runner.Runner.matchStepToStepDefinition(Runner.java:148)&#13;
	at io.cucumber.core.runner.Runner.createTestStepsForPickleSteps(Runner.java:128)&#13;
	at io.cucumber.core.runner.Runner.createTestCaseForPickle(Runner.java:111)&#13;
	at io.cucumber.core.runner.Runner.runPickle(Runner.java:72)&#13;
	at io.cucumber.junit.PickleRunners$NoStepDescriptions.run(PickleRunners.java:151)&#13;
	at io.cucumber.junit.FeatureRunner.runChild(FeatureRunner.java:135)&#13;
	at io.cucumber.junit.FeatureRunner.runChild(FeatureRunner.java:27)&#13;
	at org.junit.runners.ParentRunner$4.run(ParentRunner.java:331)&#13;
	at org.junit.runners.ParentRunner$1.schedule(ParentRunner.java:79)&#13;
	at org.junit.runners.ParentRunner.runChildren(ParentRunner.java:329)&#13;
	at org.junit.runners.ParentRunner.access$100(ParentRunner.java:66)&#13;
	at org.junit.runners.ParentRunner$2.evaluate(ParentRunner.java:293)&#13;
	at org.junit.runners.ParentRunner$3.evaluate(ParentRunner.java:306)&#13;
	at org.junit.runners.ParentRunner.run(ParentRunner.java:413)&#13;
	at io.cucumber.junit.Cucumber.runChild(Cucumber.java:200)&#13;
	at io.cucumber.junit.Cucumber.runChild(Cucumber.java:90)&#13;
	at org.junit.runners.ParentRunner$4.run(ParentRunner.java:331)&#13;
	at org.junit.runners.ParentRunner$1.schedule(ParentRunner.java:79)&#13;
	at org.junit.runners.ParentRunner.runChildren(ParentRunner.java:329)&#13;
	at org.junit.runners.ParentRunner.access$100(ParentRunner.java:66)&#13;
	at org.junit.runners.ParentRunner$2.evaluate(ParentRunner.java:293)&#13;
	at io.cucumber.junit.Cucumber$RunCucumber.evaluate(Cucumber.java:235)&#13;
	at org.junit.runners.ParentRunner$3.evaluate(ParentRunner.java:306)&#13;
	at org.junit.runners.ParentRunner.run(ParentRunner.java:413)&#13;
	at org.eclipse.jdt.internal.junit4.runner.JUnit4TestReference.run(JUnit4TestReference.java:89)&#13;
	at org.eclipse.jdt.internal.junit.runner.TestExecution.run(TestExecution.java:41)&#13;
	at org.eclipse.jdt.internal.junit.runner.RemoteTestRunner.runTests(RemoteTestRunner.java:541)&#13;
	at org.eclipse.jdt.internal.junit.runner.RemoteTestRunner.runTests(RemoteTestRunner.java:763)&#13;
	at org.eclipse.jdt.internal.junit.runner.RemoteTestRunner.run(RemoteTestRunner.java:463)&#13;
	at org.eclipse.jdt.internal.junit.runner.RemoteTestRunner.main(RemoteTestRunner.java:209)&#13;
&#13;
</error>
      </testcase>
    </testsuite>
  </testsuite>
</testrun>
