<?xml version="1.0" encoding="UTF-8"?><testrun name="TestRunner" project="actitime" tests="2" started="2" failures="0" errors="1" ignored="0">
  <testsuite name="runner.TestRunner" time="0.245">
    <testsuite name="Login Functionality #1" time="0.245">
      <testcase name="Successful Login" classname="Login Functionality #1" time="0.183"/>
      <testcase name="UnSuccessful Login" classname="Login Functionality #1" time="0.062">
        <error>io.cucumber.junit.UndefinedStepException: The step 'loginuser enter invalid username and password' is undefined.
You can implement this step using the snippet(s) below:

@When("loginuser enter invalid username and password")
public void loginuser_enter_invalid_username_and_password() {
    // Write code here that turns the phrase above into concrete actions
    throw new io.cucumber.java.PendingException();
}
&#13;
&#13;
</error>
      </testcase>
    </testsuite>
  </testsuite>
</testrun>
